#
# There is insufficient memory for the Java Runtime Environment to continue.
# Native memory allocation (mmap) failed to map 82837504 bytes for G1 virtual space
# Possible reasons:
#   The system is out of physical RAM or swap space
#   The process is running with CompressedOops enabled, and the Java Heap may be blocking the growth of the native heap
# Possible solutions:
#   Reduce memory load on the system
#   Increase physical memory or swap space
#   Check if swap backing store is full
#   Decrease Java heap size (-Xmx/-Xms)
#   Decrease number of Java threads
#   Decrease Java thread stack sizes (-Xss)
#   Set larger code cache with -XX:ReservedCodeCacheSize=
#   JVM is running with Unscaled Compressed Oops mode in which the Java heap is
#     placed in the first 4GB address space. The Java Heap base address is the
#     maximum limit for the native heap growth. Please use -XX:HeapBaseMinAddress
#     to set the Java Heap base and to place the Java Heap above 4GB virtual address.
# This output file may be truncated or incomplete.
#
#  Out of Memory Error (os_windows.cpp:3541), pid=36780, tid=36352
#
# JRE version: OpenJDK Runtime Environment Temurin-17.0.4+8 (17.0.4+8) (build 17.0.4+8)
# Java VM: OpenJDK 64-Bit Server VM Temurin-17.0.4+8 (17.0.4+8, mixed mode, emulated-client, tiered, compressed oops, compressed class ptrs, g1 gc, windows-amd64)
# No core dump will be written. Minidumps are not enabled by default on client versions of Windows
#

---------------  S U M M A R Y ------------

Command Line: -Dcom.sun.management.jmxremote -Dcom.sun.management.jmxremote.port=53193 -Dcom.sun.management.jmxremote.authenticate=false -Dcom.sun.management.jmxremote.ssl=false -Djava.rmi.server.hostname=localhost -Dspring.jmx.enabled=true -Dspring.application.admin.enabled=true -XX:TieredStopAtLevel=1 -Dspring.boot.project.name=SchoolService -Dfile.encoding=UTF-8 -XX:+ShowCodeDetailsInExceptionMessages com.school.app.ProductsManagementSystems1Application --spring.output.ansi.enabled=always

Host: Intel(R) Xeon(R) Platinum 8272CL CPU @ 2.60GHz, 2 cores, 7G,  Windows 10 , 64 bit Build 19041 (10.0.19041.1889)
Time: Mon Sep 19 07:04:37 2022 Coordinated Universal Time elapsed time: 6.899639 seconds (0d 0h 0m 6s)

---------------  T H R E A D  ---------------

Current thread (0x00000225e8c40630):  VMThread "VM Thread" [stack: 0x00000057f2800000,0x00000057f2900000] [id=36352]

Stack: [0x00000057f2800000,0x00000057f2900000]
Native frames: (J=compiled Java code, j=interpreted, Vv=VM code, C=native code)
V  [jvm.dll+0x67733a]
V  [jvm.dll+0x8323c4]
V  [jvm.dll+0x833b6e]
V  [jvm.dll+0x8341d3]
V  [jvm.dll+0x2455e5]
V  [jvm.dll+0x674229]
V  [jvm.dll+0x668ab2]
V  [jvm.dll+0x30458b]
V  [jvm.dll+0x30bad6]
V  [jvm.dll+0x35ba7e]
V  [jvm.dll+0x35bcaf]
V  [jvm.dll+0x2db428]
V  [jvm.dll+0x2d96dc]
V  [jvm.dll+0x2d8cac]
V  [jvm.dll+0x31cc0b]
V  [jvm.dll+0x83867b]
V  [jvm.dll+0x8393b4]
V  [jvm.dll+0x8398cc]
V  [jvm.dll+0x839ca4]
V  [jvm.dll+0x839d70]
V  [jvm.dll+0x7e245a]
V  [jvm.dll+0x6761c5]
C  [ucrtbase.dll+0x21bb2]
C  [KERNEL32.DLL+0x17034]
C  [ntdll.dll+0x526a1]

VM_Operation (0x00000057f3ef6390): G1CollectForAllocation, mode: safepoint, requested by thread 0x00000225eaf87bf0


---------------  P R O C E S S  ---------------

Threads class SMR info:
_java_thread_list=0x00000225ebabf6f0, length=24, elements={
0x00000225dba9d5c0, 0x00000225e8c48de0, 0x00000225e8c49da0, 0x00000225e8c61830,
0x00000225e8c620f0, 0x00000225e9848000, 0x00000225e98488c0, 0x00000225e9849180,
0x00000225e8c6e8e0, 0x00000225e8bec870, 0x00000225e999b550, 0x00000225e99fe830,
0x00000225ea015930, 0x00000225ea015e00, 0x00000225ea0145c0, 0x00000225ea3fe450,
0x00000225eaf460b0, 0x00000225ea3fe920, 0x00000225eaf898d0, 0x00000225eaf88a60,
0x00000225eaf87bf0, 0x00000225eaf88590, 0x00000225eaf88f30, 0x00000225eaf8a740
}

Java Threads: ( => current thread )
  0x00000225dba9d5c0 JavaThread "main" [_thread_blocked, id=36664, stack(0x00000057f2200000,0x00000057f2300000)]
  0x00000225e8c48de0 JavaThread "Reference Handler" daemon [_thread_blocked, id=36288, stack(0x00000057f2900000,0x00000057f2a00000)]
  0x00000225e8c49da0 JavaThread "Finalizer" daemon [_thread_blocked, id=35424, stack(0x00000057f2a00000,0x00000057f2b00000)]
  0x00000225e8c61830 JavaThread "Signal Dispatcher" daemon [_thread_blocked, id=35972, stack(0x00000057f2b00000,0x00000057f2c00000)]
  0x00000225e8c620f0 JavaThread "Attach Listener" daemon [_thread_blocked, id=36460, stack(0x00000057f2c00000,0x00000057f2d00000)]
  0x00000225e9848000 JavaThread "Service Thread" daemon [_thread_blocked, id=34348, stack(0x00000057f2d00000,0x00000057f2e00000)]
  0x00000225e98488c0 JavaThread "Monitor Deflation Thread" daemon [_thread_blocked, id=36744, stack(0x00000057f2e00000,0x00000057f2f00000)]
  0x00000225e9849180 JavaThread "C1 CompilerThread0" daemon [_thread_blocked, id=31584, stack(0x00000057f2f00000,0x00000057f3000000)]
  0x00000225e8c6e8e0 JavaThread "Sweeper thread" daemon [_thread_blocked, id=31656, stack(0x00000057f3000000,0x00000057f3100000)]
  0x00000225e8bec870 JavaThread "Common-Cleaner" daemon [_thread_blocked, id=32400, stack(0x00000057f3100000,0x00000057f3200000)]
  0x00000225e999b550 JavaThread "C1 CompilerThread1" daemon [_thread_blocked, id=35856, stack(0x00000057f3200000,0x00000057f3300000)]
  0x00000225e99fe830 JavaThread "Notification Thread" daemon [_thread_blocked, id=36388, stack(0x00000057f3300000,0x00000057f3400000)]
  0x00000225ea015930 JavaThread "RMI TCP Accept-0" daemon [_thread_in_native, id=36476, stack(0x00000057f3500000,0x00000057f3600000)]
  0x00000225ea015e00 JavaThread "RMI TCP Accept-53193" daemon [_thread_in_native, id=36408, stack(0x00000057f3600000,0x00000057f3700000)]
  0x00000225ea0145c0 JavaThread "RMI TCP Accept-0" daemon [_thread_in_native, id=16976, stack(0x00000057f3700000,0x00000057f3800000)]
  0x00000225ea3fe450 JavaThread "RMI TCP Connection(1)-127.0.0.1" daemon [_thread_in_native, id=32052, stack(0x00000057f3900000,0x00000057f3a00000)]
  0x00000225eaf460b0 JavaThread "RMI TCP Connection(2)-127.0.0.1" daemon [_thread_in_native, id=35968, stack(0x00000057f3a00000,0x00000057f3b00000)]
  0x00000225ea3fe920 JavaThread "RMI Scheduler(0)" daemon [_thread_blocked, id=8020, stack(0x00000057f3b00000,0x00000057f3c00000)]
  0x00000225eaf898d0 JavaThread "JMX server connection timeout 20" daemon [_thread_blocked, id=35776, stack(0x00000057f3c00000,0x00000057f3d00000)]
  0x00000225eaf88a60 JavaThread "Thread-0" [_thread_blocked, id=36828, stack(0x00000057f3d00000,0x00000057f3e00000)]
  0x00000225eaf87bf0 JavaThread "restartedMain" [_thread_blocked, id=36508, stack(0x00000057f3e00000,0x00000057f3f00000)]
  0x00000225eaf88590 JavaThread "Catalina-utility-1" [_thread_blocked, id=36188, stack(0x00000057f3f00000,0x00000057f4000000)]
  0x00000225eaf88f30 JavaThread "Catalina-utility-2" [_thread_blocked, id=36860, stack(0x00000057f4000000,0x00000057f4100000)]
  0x00000225eaf8a740 JavaThread "container-0" [_thread_blocked, id=35640, stack(0x00000057f4100000,0x00000057f4200000)]

Other Threads:
=>0x00000225e8c40630 VMThread "VM Thread" [stack: 0x00000057f2800000,0x00000057f2900000] [id=36352]
  0x00000225ea014a90 WatcherThread [stack: 0x00000057f3800000,0x00000057f3900000] [id=33772]
  0x00000225dbafb490 GCTaskThread "GC Thread#0" [stack: 0x00000057f2300000,0x00000057f2400000] [id=36792]
  0x00000225e9bf9850 GCTaskThread "GC Thread#1" [stack: 0x00000057f3400000,0x00000057f3500000] [id=35188]
  0x00000225dbb0ca80 ConcurrentGCThread "G1 Main Marker" [stack: 0x00000057f2400000,0x00000057f2500000] [id=36472]
  0x00000225dbb0d3a0 ConcurrentGCThread "G1 Conc#0" [stack: 0x00000057f2500000,0x00000057f2600000] [id=35540]
  0x00000225dbb6d960 ConcurrentGCThread "G1 Refine#0" [stack: 0x00000057f2600000,0x00000057f2700000] [id=34632]
  0x00000225dbb6e290 ConcurrentGCThread "G1 Service" [stack: 0x00000057f2700000,0x00000057f2800000] [id=35912]

Threads with active compile tasks:

VM state: at safepoint (normal execution)

VM Mutex/Monitor currently owned by a thread:  ([mutex/lock_event])
[0x00000225dba98bd0] Threads_lock - owner thread: 0x00000225e8c40630
[0x00000225dba98d80] Heap_lock - owner thread: 0x00000225eaf87bf0

Heap address: 0x0000000080000000, size: 2048 MB, Compressed Oops mode: 32-bit

CDS archive(s) not mapped
Compressed class space mapped at: 0x0000000100000000-0x0000000140000000, reserved size: 1073741824
Narrow klass base: 0x0000000000000000, Narrow klass shift: 3, Narrow klass range: 0x140000000

GC Precious Log:
 CPUs: 2 total, 2 available
 Memory: 8190M
 Large Page Support: Disabled
 NUMA Support: Disabled
 Compressed Oops: Enabled (32-bit)
 Heap Region Size: 1M
 Heap Min Capacity: 8M
 Heap Initial Capacity: 128M
 Heap Max Capacity: 2G
 Pre-touch: Disabled
 Parallel Workers: 2
 Concurrent Workers: 1
 Concurrent Refinement Workers: 2
 Periodic GC: Disabled

Heap:
 garbage-first heap   total 70656K, used 24129K [0x0000000080000000, 0x0000000100000000)
  region size 1024K, 3 young (3072K), 3 survivors (3072K)
 Metaspace       used 40129K, committed 40512K, reserved 1089536K
  class space    used 5126K, committed 5312K, reserved 1048576K

Heap Regions: E=young(eden), S=young(survivor), O=old, HS=humongous(starts), HC=humongous(continues), CS=collection set, F=free, OA=open archive, CA=closed archive, TAMS=top-at-mark-start (previous, next)
|   0|0x0000000080000000, 0x0000000080100000, 0x0000000080100000|100%| O|  |TAMS 0x0000000080100000, 0x0000000080000000| Untracked 
|   1|0x0000000080100000, 0x0000000080200000, 0x0000000080200000|100%| O|  |TAMS 0x0000000080200000, 0x0000000080100000| Untracked 
|   2|0x0000000080200000, 0x0000000080300000, 0x0000000080300000|100%| O|  |TAMS 0x0000000080300000, 0x0000000080200000| Untracked 
|   3|0x0000000080300000, 0x0000000080400000, 0x0000000080400000|100%| O|  |TAMS 0x0000000080400000, 0x0000000080300000| Untracked 
|   4|0x0000000080400000, 0x0000000080500000, 0x0000000080500000|100%| O|  |TAMS 0x0000000080500000, 0x0000000080400000| Untracked 
|   5|0x0000000080500000, 0x0000000080600000, 0x0000000080600000|100%| O|  |TAMS 0x0000000080600000, 0x0000000080500000| Untracked 
|   6|0x0000000080600000, 0x0000000080700000, 0x0000000080700000|100%| O|  |TAMS 0x0000000080700000, 0x0000000080600000| Untracked 
|   7|0x0000000080700000, 0x0000000080800000, 0x0000000080800000|100%| O|  |TAMS 0x0000000080800000, 0x0000000080700000| Untracked 
|   8|0x0000000080800000, 0x0000000080900000, 0x0000000080900000|100%| O|  |TAMS 0x0000000080900000, 0x0000000080800000| Untracked 
|   9|0x0000000080900000, 0x0000000080a00000, 0x0000000080a00000|100%| O|  |TAMS 0x0000000080a00000, 0x0000000080900000| Untracked 
|  10|0x0000000080a00000, 0x0000000080b00000, 0x0000000080b00000|100%| O|  |TAMS 0x0000000080b00000, 0x0000000080a00000| Untracked 
|  11|0x0000000080b00000, 0x0000000080c00000, 0x0000000080c00000|100%| O|  |TAMS 0x0000000080b00000, 0x0000000080b00000| Untracked 
|  12|0x0000000080c00000, 0x0000000080d00000, 0x0000000080d00000|100%| O|  |TAMS 0x0000000080c00000, 0x0000000080c00000| Untracked 
|  13|0x0000000080d00000, 0x0000000080e00000, 0x0000000080e00000|100%| O|  |TAMS 0x0000000080e00000, 0x0000000080d00000| Untracked 
|  14|0x0000000080e00000, 0x0000000080f00000, 0x0000000080f00000|100%| O|  |TAMS 0x0000000080e00000, 0x0000000080e00000| Untracked 
|  15|0x0000000080f00000, 0x0000000081000000, 0x0000000081000000|100%| O|  |TAMS 0x0000000080f00000, 0x0000000080f00000| Untracked 
|  16|0x0000000081000000, 0x0000000081100000, 0x0000000081100000|100%| O|  |TAMS 0x0000000081000000, 0x0000000081000000| Untracked 
|  17|0x0000000081100000, 0x0000000081200000, 0x0000000081200000|100%| O|  |TAMS 0x0000000081100000, 0x0000000081100000| Untracked 
|  18|0x0000000081200000, 0x000000008122ca00, 0x0000000081300000| 17%| O|  |TAMS 0x0000000081200000, 0x0000000081200000| Untracked 
|  19|0x0000000081300000, 0x0000000081300000, 0x0000000081400000|  0%| F|  |TAMS 0x0000000081300000, 0x0000000081300000| Untracked 
|  20|0x0000000081400000, 0x0000000081400000, 0x0000000081500000|  0%| F|  |TAMS 0x0000000081400000, 0x0000000081400000| Untracked 
|  21|0x0000000081500000, 0x0000000081600000, 0x0000000081600000|100%| O|  |TAMS 0x0000000081500000, 0x0000000081500000| Untracked 
|  22|0x0000000081600000, 0x0000000081700000, 0x0000000081700000|100%| O|  |TAMS 0x0000000081600000, 0x0000000081600000| Untracked 
|  23|0x0000000081700000, 0x0000000081800000, 0x0000000081800000|100%| O|  |TAMS 0x0000000081700000, 0x0000000081700000| Untracked 
|  24|0x0000000081800000, 0x0000000081800000, 0x0000000081900000|  0%| F|  |TAMS 0x0000000081800000, 0x0000000081800000| Untracked 
|  25|0x0000000081900000, 0x0000000081900000, 0x0000000081a00000|  0%| F|  |TAMS 0x0000000081900000, 0x0000000081900000| Untracked 
|  26|0x0000000081a00000, 0x0000000081a00000, 0x0000000081b00000|  0%| F|  |TAMS 0x0000000081a00000, 0x0000000081a00000| Untracked 
|  27|0x0000000081b00000, 0x0000000081b00000, 0x0000000081c00000|  0%| F|  |TAMS 0x0000000081b00000, 0x0000000081b00000| Untracked 
|  28|0x0000000081c00000, 0x0000000081c00000, 0x0000000081d00000|  0%| F|  |TAMS 0x0000000081c00000, 0x0000000081c00000| Untracked 
|  29|0x0000000081d00000, 0x0000000081d00000, 0x0000000081e00000|  0%| F|  |TAMS 0x0000000081d00000, 0x0000000081d00000| Untracked 
|  30|0x0000000081e00000, 0x0000000081e00000, 0x0000000081f00000|  0%| F|  |TAMS 0x0000000081e00000, 0x0000000081e00000| Untracked 
|  31|0x0000000081f00000, 0x0000000081f00000, 0x0000000082000000|  0%| F|  |TAMS 0x0000000081f00000, 0x0000000081f00000| Untracked 
|  32|0x0000000082000000, 0x0000000082000000, 0x0000000082100000|  0%| F|  |TAMS 0x0000000082000000, 0x0000000082000000| Untracked 
|  33|0x0000000082100000, 0x0000000082163dd0, 0x0000000082200000| 39%| S|CS|TAMS 0x0000000082100000, 0x0000000082100000| Complete 
|  34|0x0000000082200000, 0x0000000082300000, 0x0000000082300000|100%| S|CS|TAMS 0x0000000082200000, 0x0000000082200000| Complete 
|  35|0x0000000082300000, 0x0000000082300000, 0x0000000082400000|  0%| F|  |TAMS 0x0000000082300000, 0x0000000082300000| Untracked 
|  36|0x0000000082400000, 0x0000000082400000, 0x0000000082500000|  0%| F|  |TAMS 0x0000000082400000, 0x0000000082400000| Untracked 
|  37|0x0000000082500000, 0x0000000082500000, 0x0000000082600000|  0%| F|  |TAMS 0x0000000082500000, 0x0000000082500000| Untracked 
|  38|0x0000000082600000, 0x0000000082700000, 0x0000000082700000|100%| S|CS|TAMS 0x0000000082600000, 0x0000000082600000| Complete 
|  39|0x0000000082700000, 0x0000000082700000, 0x0000000082800000|  0%| F|  |TAMS 0x0000000082700000, 0x0000000082700000| Untracked 
|  40|0x0000000082800000, 0x0000000082800000, 0x0000000082900000|  0%| F|  |TAMS 0x0000000082800000, 0x0000000082800000| Untracked 
|  41|0x0000000082900000, 0x0000000082900000, 0x0000000082a00000|  0%| F|  |TAMS 0x0000000082900000, 0x0000000082900000| Untracked 
|  42|0x0000000082a00000, 0x0000000082a00000, 0x0000000082b00000|  0%| F|  |TAMS 0x0000000082a00000, 0x0000000082a00000| Untracked 
|  43|0x0000000082b00000, 0x0000000082b00000, 0x0000000082c00000|  0%| F|  |TAMS 0x0000000082b00000, 0x0000000082b00000| Untracked 
|  44|0x0000000082c00000, 0x0000000082c00000, 0x0000000082d00000|  0%| F|  |TAMS 0x0000000082c00000, 0x0000000082c00000| Untracked 
|  45|0x0000000082d00000, 0x0000000082d00000, 0x0000000082e00000|  0%| F|  |TAMS 0x0000000082d00000, 0x0000000082d00000| Untracked 
|  46|0x0000000082e00000, 0x0000000082e00000, 0x0000000082f00000|  0%| F|  |TAMS 0x0000000082e00000, 0x0000000082e00000| Untracked 
|  47|0x0000000082f00000, 0x0000000082f00000, 0x0000000083000000|  0%| F|  |TAMS 0x0000000082f00000, 0x0000000082f00000| Untracked 
|  48|0x0000000083000000, 0x0000000083000000, 0x0000000083100000|  0%| F|  |TAMS 0x0000000083000000, 0x0000000083000000| Untracked 
|  49|0x0000000083100000, 0x0000000083100000, 0x0000000083200000|  0%| F|  |TAMS 0x0000000083100000, 0x0000000083100000| Untracked 
|  50|0x0000000083200000, 0x0000000083200000, 0x0000000083300000|  0%| F|  |TAMS 0x0000000083200000, 0x0000000083200000| Untracked 
|  51|0x0000000083300000, 0x0000000083300000, 0x0000000083400000|  0%| F|  |TAMS 0x0000000083300000, 0x0000000083300000| Untracked 
|  52|0x0000000083400000, 0x0000000083400000, 0x0000000083500000|  0%| F|  |TAMS 0x0000000083400000, 0x0000000083400000| Untracked 
|  53|0x0000000083500000, 0x0000000083500000, 0x0000000083600000|  0%| F|  |TAMS 0x0000000083500000, 0x0000000083500000| Untracked 
|  54|0x0000000083600000, 0x0000000083600000, 0x0000000083700000|  0%| F|  |TAMS 0x0000000083600000, 0x0000000083600000| Untracked 
|  55|0x0000000083700000, 0x0000000083700000, 0x0000000083800000|  0%| F|  |TAMS 0x0000000083700000, 0x0000000083700000| Untracked 
|  56|0x0000000083800000, 0x0000000083800000, 0x0000000083900000|  0%| F|  |TAMS 0x0000000083800000, 0x0000000083800000| Untracked 
|  57|0x0000000083900000, 0x0000000083900000, 0x0000000083a00000|  0%| F|  |TAMS 0x0000000083900000, 0x0000000083900000| Untracked 
|  58|0x0000000083a00000, 0x0000000083a00000, 0x0000000083b00000|  0%| F|  |TAMS 0x0000000083a00000, 0x0000000083a00000| Untracked 
|  59|0x0000000083b00000, 0x0000000083b00000, 0x0000000083c00000|  0%| F|  |TAMS 0x0000000083b00000, 0x0000000083b00000| Untracked 
|  60|0x0000000083c00000, 0x0000000083c00000, 0x0000000083d00000|  0%| F|  |TAMS 0x0000000083c00000, 0x0000000083c00000| Untracked 
|  61|0x0000000083d00000, 0x0000000083d00000, 0x0000000083e00000|  0%| F|  |TAMS 0x0000000083d00000, 0x0000000083d00000| Untracked 
|  62|0x0000000083e00000, 0x0000000083e00000, 0x0000000083f00000|  0%| F|  |TAMS 0x0000000083e00000, 0x0000000083e00000| Untracked 
|  63|0x0000000083f00000, 0x0000000083f00000, 0x0000000084000000|  0%| F|  |TAMS 0x0000000083f00000, 0x0000000083f00000| Untracked 
|  64|0x0000000084000000, 0x0000000084000000, 0x0000000084100000|  0%| F|  |TAMS 0x0000000084000000, 0x0000000084000000| Untracked 
|  65|0x0000000084100000, 0x0000000084100000, 0x0000000084200000|  0%| F|  |TAMS 0x0000000084100000, 0x0000000084100000| Untracked 
|  66|0x0000000084200000, 0x0000000084200000, 0x0000000084300000|  0%| F|  |TAMS 0x0000000084200000, 0x0000000084200000| Untracked 
|  67|0x0000000084300000, 0x0000000084300000, 0x0000000084400000|  0%| F|  |TAMS 0x0000000084300000, 0x0000000084300000| Untracked 
|  68|0x0000000084400000, 0x0000000084400000, 0x0000000084500000|  0%| F|  |TAMS 0x0000000084400000, 0x0000000084400000| Untracked 

Card table byte_map: [0x00000225e2160000,0x00000225e2560000] _byte_map_base: 0x00000225e1d60000

Marking Bits (Prev, Next): (CMBitMap*) 0x00000225dbafb9b0, (CMBitMap*) 0x00000225dbafb9f0
 Prev Bits: [0x00000225e2960000, 0x00000225e4960000)
 Next Bits: [0x00000225e4960000, 0x00000225e6960000)

Polling page: 0x00000225d98d0000

Metaspace:

Usage:
  Non-class:     34.18 MB used.
      Class:      5.01 MB used.
       Both:     39.19 MB used.

Virtual space:
  Non-class space:       40.00 MB reserved,      34.38 MB ( 86%) committed,  5 nodes.
      Class space:        1.00 GB reserved,       5.19 MB ( <1%) committed,  1 nodes.
             Both:        1.04 GB reserved,      39.56 MB (  4%) committed. 

Chunk freelists:
   Non-Class:  704.00 KB
       Class:  2.86 MB
        Both:  3.55 MB

MaxMetaspaceSize: unlimited
CompressedClassSpaceSize: 1.00 GB
Initial GC threshold: 21.00 MB
Current GC threshold: 58.69 MB
CDS: off
MetaspaceReclaimPolicy: balanced
 - commit_granule_bytes: 65536.
 - commit_granule_words: 8192.
 - virtual_space_node_default_size: 1048576.
 - enlarge_chunks_in_place: 1.
 - new_chunks_are_fully_committed: 0.
 - uncommit_free_chunks: 1.
 - use_allocation_guard: 0.
 - handle_deallocations: 1.


Internal statistics:

num_allocs_failed_limit: 6.
num_arena_births: 446.
num_arena_deaths: 0.
num_vsnodes_births: 6.
num_vsnodes_deaths: 0.
num_space_committed: 633.
num_space_uncommitted: 0.
num_chunks_returned_to_freelist: 6.
num_chunks_taken_from_freelist: 1573.
num_chunk_merges: 3.
num_chunk_splits: 1006.
num_chunks_enlarged: 715.
num_purges: 0.
num_inconsistent_stats: 0.

CodeCache: size=49152Kb used=8560Kb max_used=8560Kb free=40591Kb
 bounds [0x00000225df160000, 0x00000225df9c0000, 0x00000225e2160000]
 total_blobs=4757 nmethods=4258 adapters=425
 compilation: enabled
              stopped_count=0, restarted_count=0
 full_count=0

Compilation events (20 events):
Event: 6.735 Thread 0x00000225e9849180 nmethod 4247 0x00000225df9b7310 code [0x00000225df9b7500, 0x00000225df9b78b8]
Event: 6.735 Thread 0x00000225e999b550 nmethod 4248 0x00000225df9b7a90 code [0x00000225df9b7ca0, 0x00000225df9b82d8]
Event: 6.837 Thread 0x00000225e9849180 4250       1       org.springframework.beans.PropertyEditorRegistrySupport::setConversionService (6 bytes)
Event: 6.837 Thread 0x00000225e9849180 nmethod 4250 0x00000225df9b8a10 code [0x00000225df9b8ba0, 0x00000225df9b8cb8]
Event: 6.843 Thread 0x00000225e999b550 4251       1       org.springframework.web.context.support.GenericWebApplicationContext::getServletContext (5 bytes)
Event: 6.843 Thread 0x00000225e999b550 nmethod 4251 0x00000225df9b8d10 code [0x00000225df9b8ea0, 0x00000225df9b8f78]
Event: 6.845 Thread 0x00000225e9849180 4252       1       org.springframework.boot.context.properties.bind.JavaBeanBinder$BeanProperty::getName (5 bytes)
Event: 6.845 Thread 0x00000225e9849180 nmethod 4252 0x00000225df9b9010 code [0x00000225df9b91a0, 0x00000225df9b9278]
Event: 6.846 Thread 0x00000225e999b550 4253       1       org.springframework.core.convert.TypeDescriptor::<init> (39 bytes)
Event: 6.846 Thread 0x00000225e999b550 nmethod 4253 0x00000225df9b9310 code [0x00000225df9b94c0, 0x00000225df9b97d8]
Event: 6.849 Thread 0x00000225e9849180 4254   !   1       org.springframework.util.ConcurrentReferenceHashMap$Segment::doTask (179 bytes)
Event: 6.850 Thread 0x00000225e9849180 nmethod 4254 0x00000225df9b9910 code [0x00000225df9b9be0, 0x00000225df9ba2b8]
Event: 6.852 Thread 0x00000225e999b550 4255       1       org.springframework.beans.factory.InjectionPoint::getAnnotations (39 bytes)
Event: 6.853 Thread 0x00000225e999b550 nmethod 4255 0x00000225df9bab10 code [0x00000225df9bad00, 0x00000225df9bb028]
Event: 6.857 Thread 0x00000225e999b550 4256   !   1       org.springframework.core.$Proxy6::getRawType (29 bytes)
Event: 6.857 Thread 0x00000225e999b550 nmethod 4256 0x00000225df9bb210 code [0x00000225df9bb3c0, 0x00000225df9bb5d8]
Event: 6.859 Thread 0x00000225e9849180 4257       1       org.springframework.core.ResolvableType::isAssignableFrom (7 bytes)
Event: 6.859 Thread 0x00000225e9849180 nmethod 4257 0x00000225df9bb710 code [0x00000225df9bb8a0, 0x00000225df9bb988]
Event: 6.859 Thread 0x00000225e999b550 4258       1       org.springframework.core.MethodParameter::getParameterAnnotations (97 bytes)
Event: 6.860 Thread 0x00000225e999b550 nmethod 4258 0x00000225df9bba10 code [0x00000225df9bbc00, 0x00000225df9bbf98]

GC Heap History (20 events):
Event: 2.932 GC heap after
{Heap after GC invocations=7 (full 0):
 garbage-first heap   total 34816K, used 9830K [0x0000000080000000, 0x0000000100000000)
  region size 1024K, 3 young (3072K), 3 survivors (3072K)
 Metaspace       used 25459K, committed 25728K, reserved 1073152K
  class space    used 3000K, committed 3136K, reserved 1048576K
}
Event: 2.955 GC heap before
{Heap before GC invocations=7 (full 0):
 garbage-first heap   total 34816K, used 10854K [0x0000000080000000, 0x0000000100000000)
  region size 1024K, 4 young (4096K), 3 survivors (3072K)
 Metaspace       used 25698K, committed 25920K, reserved 1073152K
  class space    used 3040K, committed 3136K, reserved 1048576K
}
Event: 2.964 GC heap after
{Heap after GC invocations=8 (full 0):
 garbage-first heap   total 41984K, used 9963K [0x0000000080000000, 0x0000000100000000)
  region size 1024K, 1 young (1024K), 1 survivors (1024K)
 Metaspace       used 25698K, committed 25920K, reserved 1073152K
  class space    used 3040K, committed 3136K, reserved 1048576K
}
Event: 3.532 GC heap before
{Heap before GC invocations=8 (full 0):
 garbage-first heap   total 41984K, used 28395K [0x0000000080000000, 0x0000000100000000)
  region size 1024K, 19 young (19456K), 1 survivors (1024K)
 Metaspace       used 27862K, committed 28160K, reserved 1081344K
  class space    used 3304K, committed 3456K, reserved 1048576K
}
Event: 3.539 GC heap after
{Heap after GC invocations=9 (full 0):
 garbage-first heap   total 41984K, used 11374K [0x0000000080000000, 0x0000000100000000)
  region size 1024K, 2 young (2048K), 2 survivors (2048K)
 Metaspace       used 27862K, committed 28160K, reserved 1081344K
  class space    used 3304K, committed 3456K, reserved 1048576K
}
Event: 3.943 GC heap before
{Heap before GC invocations=9 (full 0):
 garbage-first heap   total 41984K, used 27758K [0x0000000080000000, 0x0000000100000000)
  region size 1024K, 19 young (19456K), 2 survivors (2048K)
 Metaspace       used 29103K, committed 29440K, reserved 1081344K
  class space    used 3507K, committed 3712K, reserved 1048576K
}
Event: 3.951 GC heap after
{Heap after GC invocations=10 (full 0):
 garbage-first heap   total 41984K, used 12144K [0x0000000080000000, 0x0000000100000000)
  region size 1024K, 2 young (2048K), 2 survivors (2048K)
 Metaspace       used 29103K, committed 29440K, reserved 1081344K
  class space    used 3507K, committed 3712K, reserved 1048576K
}
Event: 4.407 GC heap before
{Heap before GC invocations=10 (full 0):
 garbage-first heap   total 41984K, used 28528K [0x0000000080000000, 0x0000000100000000)
  region size 1024K, 19 young (19456K), 2 survivors (2048K)
 Metaspace       used 31416K, committed 31808K, reserved 1081344K
  class space    used 3840K, committed 4032K, reserved 1048576K
}
Event: 4.415 GC heap after
{Heap after GC invocations=11 (full 0):
 garbage-first heap   total 41984K, used 13369K [0x0000000080000000, 0x0000000100000000)
  region size 1024K, 3 young (3072K), 3 survivors (3072K)
 Metaspace       used 31416K, committed 31808K, reserved 1081344K
  class space    used 3840K, committed 4032K, reserved 1048576K
}
Event: 4.813 GC heap before
{Heap before GC invocations=11 (full 0):
 garbage-first heap   total 41984K, used 30777K [0x0000000080000000, 0x0000000100000000)
  region size 1024K, 20 young (20480K), 3 survivors (3072K)
 Metaspace       used 33426K, committed 33728K, reserved 1081344K
  class space    used 4161K, committed 4288K, reserved 1048576K
}
Event: 4.827 GC heap after
{Heap after GC invocations=12 (full 0):
 garbage-first heap   total 80896K, used 15412K [0x0000000080000000, 0x0000000100000000)
  region size 1024K, 3 young (3072K), 3 survivors (3072K)
 Metaspace       used 33426K, committed 33728K, reserved 1081344K
  class space    used 4161K, committed 4288K, reserved 1048576K
}
Event: 5.013 GC heap before
{Heap before GC invocations=12 (full 0):
 garbage-first heap   total 80896K, used 24628K [0x0000000080000000, 0x0000000100000000)
  region size 1024K, 13 young (13312K), 3 survivors (3072K)
 Metaspace       used 35628K, committed 35968K, reserved 1081344K
  class space    used 4391K, committed 4544K, reserved 1048576K
}
Event: 5.027 GC heap after
{Heap after GC invocations=13 (full 0):
 garbage-first heap   total 80896K, used 17460K [0x0000000080000000, 0x0000000100000000)
  region size 1024K, 5 young (5120K), 5 survivors (5120K)
 Metaspace       used 35628K, committed 35968K, reserved 1081344K
  class space    used 4391K, committed 4544K, reserved 1048576K
}
Event: 5.856 GC heap before
{Heap before GC invocations=14 (full 0):
 garbage-first heap   total 61440K, used 52276K [0x0000000080000000, 0x0000000100000000)
  region size 1024K, 32 young (32768K), 5 survivors (5120K)
 Metaspace       used 36508K, committed 36928K, reserved 1081344K
  class space    used 4485K, committed 4672K, reserved 1048576K
}
Event: 5.875 GC heap after
{Heap after GC invocations=15 (full 0):
 garbage-first heap   total 62464K, used 21517K [0x0000000080000000, 0x0000000100000000)
  region size 1024K, 5 young (5120K), 5 survivors (5120K)
 Metaspace       used 36508K, committed 36928K, reserved 1081344K
  class space    used 4485K, committed 4672K, reserved 1048576K
}
Event: 5.878 GC heap before
{Heap before GC invocations=15 (full 0):
 garbage-first heap   total 62464K, used 22541K [0x0000000080000000, 0x0000000100000000)
  region size 1024K, 6 young (6144K), 5 survivors (5120K)
 Metaspace       used 36508K, committed 36928K, reserved 1081344K
  class space    used 4485K, committed 4672K, reserved 1048576K
}
Event: 5.885 GC heap after
{Heap after GC invocations=16 (full 0):
 garbage-first heap   total 62464K, used 20439K [0x0000000080000000, 0x0000000100000000)
  region size 1024K, 1 young (1024K), 1 survivors (1024K)
 Metaspace       used 36508K, committed 36928K, reserved 1081344K
  class space    used 4485K, committed 4672K, reserved 1048576K
}
Event: 6.343 GC heap before
{Heap before GC invocations=16 (full 0):
 garbage-first heap   total 62464K, used 43991K [0x0000000080000000, 0x0000000100000000)
  region size 1024K, 23 young (23552K), 1 survivors (1024K)
 Metaspace       used 38016K, committed 38400K, reserved 1089536K
  class space    used 4702K, committed 4864K, reserved 1048576K
}
Event: 6.352 GC heap after
{Heap after GC invocations=17 (full 0):
 garbage-first heap   total 62464K, used 21773K [0x0000000080000000, 0x0000000100000000)
  region size 1024K, 3 young (3072K), 3 survivors (3072K)
 Metaspace       used 38016K, committed 38400K, reserved 1089536K
  class space    used 4702K, committed 4864K, reserved 1048576K
}
Event: 6.884 GC heap before
{Heap before GC invocations=17 (full 0):
 garbage-first heap   total 62464K, used 44301K [0x0000000080000000, 0x0000000100000000)
  region size 1024K, 25 young (25600K), 3 survivors (3072K)
 Metaspace       used 40129K, committed 40512K, reserved 1089536K
  class space    used 5126K, committed 5312K, reserved 1048576K
}

Deoptimization events (8 events):
Event: 2.755 Thread 0x00000225eaf87bf0 DEOPT PACKING pc=0x00000225df637d99 sp=0x00000057f3efcd40
Event: 2.755 Thread 0x00000225eaf87bf0 DEOPT UNPACKING pc=0x00000225df1b6763 sp=0x00000057f3efc220 mode 3
Event: 6.082 Thread 0x00000225eaf87bf0 DEOPT PACKING pc=0x00000225df91667d sp=0x00000057f3efc1a0
Event: 6.082 Thread 0x00000225eaf87bf0 DEOPT UNPACKING pc=0x00000225df1b6763 sp=0x00000057f3efb708 mode 3
Event: 6.342 Thread 0x00000225eaf87bf0 DEOPT PACKING pc=0x00000225df982048 sp=0x00000057f3efa470
Event: 6.342 Thread 0x00000225eaf87bf0 DEOPT UNPACKING pc=0x00000225df1b6763 sp=0x00000057f3ef9910 mode 3
Event: 6.561 Thread 0x00000225eaf87bf0 DEOPT PACKING pc=0x00000225df633414 sp=0x00000057f3ef9c10
Event: 6.561 Thread 0x00000225eaf87bf0 DEOPT UNPACKING pc=0x00000225df1b6763 sp=0x00000057f3ef9168 mode 0

Classes unloaded (0 events):
No events

Classes redefined (0 events):
No events

Internal exceptions (20 events):
Event: 6.847 Thread 0x00000225eaf87bf0 Exception <a 'java/lang/ClassNotFoundException'{0x000000008285acd0}: java/lang/ObjectCustomizer> (0x000000008285acd0) 
thrown [s\src\hotspot\share\classfile\systemDictionary.cpp, line 256]
Event: 6.848 Thread 0x00000225eaf87bf0 Exception <a 'java/lang/ClassNotFoundException'{0x00000000828647e0}: org/springframework/http/converter/AbstractHttpMessageConverterCustomizer> (0x00000000828647e0) 
thrown [s\src\hotspot\share\classfile\systemDictionary.cpp, line 256]
Event: 6.848 Thread 0x00000225eaf87bf0 Exception <a 'java/lang/ClassNotFoundException'{0x0000000082874fc8}: org/springframework/http/converter/StringHttpMessageConverterCustomizer> (0x0000000082874fc8) 
thrown [s\src\hotspot\share\classfile\systemDictionary.cpp, line 256]
Event: 6.849 Thread 0x00000225eaf87bf0 Exception <a 'java/lang/ClassNotFoundException'{0x0000000082881608}: org/springframework/http/converter/HttpMessageConverterCustomizer> (0x0000000082881608) 
thrown [s\src\hotspot\share\classfile\systemDictionary.cpp, line 256]
Event: 6.851 Thread 0x00000225eaf87bf0 Exception <a 'java/lang/ClassNotFoundException'{0x0000000082895278}: java/lang/ObjectCustomizer> (0x0000000082895278) 
thrown [s\src\hotspot\share\classfile\systemDictionary.cpp, line 256]
Event: 6.852 Thread 0x00000225eaf87bf0 Exception <a 'java/lang/ClassNotFoundException'{0x00000000828a0f50}: org/springframework/boot/autoconfigure/http/JacksonHttpMessageConvertersConfiguration$MappingJackson2HttpMessageConverterConfigurationCustomizer> (0x00000000828a0f50) 
thrown [s\src\hotspot\share\classfile\systemDictionary.cpp, line 256]
Event: 6.854 Thread 0x00000225eaf87bf0 Exception <a 'java/lang/ClassNotFoundException'{0x00000000828b9e58}: java/lang/ObjectCustomizer> (0x00000000828b9e58) 
thrown [s\src\hotspot\share\classfile\systemDictionary.cpp, line 256]
Event: 6.854 Thread 0x00000225eaf87bf0 Exception <a 'java/lang/ClassNotFoundException'{0x00000000828c3bd0}: org/springframework/http/converter/AbstractHttpMessageConverterCustomizer> (0x00000000828c3bd0) 
thrown [s\src\hotspot\share\classfile\systemDictionary.cpp, line 256]
Event: 6.855 Thread 0x00000225eaf87bf0 Exception <a 'java/lang/ClassNotFoundException'{0x00000000828d0b58}: org/springframework/http/converter/AbstractGenericHttpMessageConverterCustomizer> (0x00000000828d0b58) 
thrown [s\src\hotspot\share\classfile\systemDictionary.cpp, line 256]
Event: 6.856 Thread 0x00000225eaf87bf0 Exception <a 'java/lang/ClassNotFoundException'{0x00000000828dde88}: org/springframework/http/converter/json/AbstractJackson2HttpMessageConverterCustomizer> (0x00000000828dde88) 
thrown [s\src\hotspot\share\classfile\systemDictionary.cpp, line 256]
Event: 6.857 Thread 0x00000225eaf87bf0 Exception <a 'java/lang/ClassNotFoundException'{0x00000000828f3ec8}: org/springframework/http/converter/json/MappingJackson2HttpMessageConverterCustomizer> (0x00000000828f3ec8) 
thrown [s\src\hotspot\share\classfile\systemDictionary.cpp, line 256]
Event: 6.858 Thread 0x00000225eaf87bf0 Exception <a 'java/lang/ClassNotFoundException'{0x00000000827049a0}: org/springframework/http/converter/GenericHttpMessageConverterCustomizer> (0x00000000827049a0) 
thrown [s\src\hotspot\share\classfile\systemDictionary.cpp, line 256]
Event: 6.858 Thread 0x00000225eaf87bf0 Exception <a 'java/lang/ClassNotFoundException'{0x00000000827104d8}: org/springframework/http/converter/HttpMessageConverterCustomizer> (0x00000000827104d8) 
thrown [s\src\hotspot\share\classfile\systemDictionary.cpp, line 256]
Event: 6.859 Thread 0x00000225eaf87bf0 Exception <a 'java/lang/ClassNotFoundException'{0x000000008271b068}: org/springframework/http/converter/HttpMessageConverterCustomizer> (0x000000008271b068) 
thrown [s\src\hotspot\share\classfile\systemDictionary.cpp, line 256]
Event: 6.867 Thread 0x00000225eaf87bf0 Exception <a 'java/lang/ClassNotFoundException'{0x0000000082761ca8}: java/lang/ObjectCustomizer> (0x0000000082761ca8) 
thrown [s\src\hotspot\share\classfile\systemDictionary.cpp, line 256]
Event: 6.867 Thread 0x00000225eaf87bf0 Exception <a 'java/lang/ClassNotFoundException'{0x000000008276c930}: org/springframework/data/rest/core/support/DefaultSelfLinkProviderCustomizer> (0x000000008276c930) 
thrown [s\src\hotspot\share\classfile\systemDictionary.cpp, line 256]
Event: 6.868 Thread 0x00000225eaf87bf0 Exception <a 'java/lang/ClassNotFoundException'{0x0000000082777650}: org/springframework/data/rest/core/support/SelfLinkProviderCustomizer> (0x0000000082777650) 
thrown [s\src\hotspot\share\classfile\systemDictionary.cpp, line 256]
Event: 6.871 Thread 0x00000225eaf87bf0 Exception <a 'java/lang/ClassNotFoundException'{0x000000008278db40}: java/lang/ObjectCustomizer> (0x000000008278db40) 
thrown [s\src\hotspot\share\classfile\systemDictionary.cpp, line 256]
Event: 6.871 Thread 0x00000225eaf87bf0 Exception <a 'java/lang/ClassNotFoundException'{0x0000000082798180}: org/springframework/data/rest/webmvc/mapping/DefaultLinkCollectorCustomizer> (0x0000000082798180) 
thrown [s\src\hotspot\share\classfile\systemDictionary.cpp, line 256]
Event: 6.872 Thread 0x00000225eaf87bf0 Exception <a 'java/lang/ClassNotFoundException'{0x00000000827a2668}: org/springframework/data/rest/webmvc/mapping/LinkCollectorCustomizer> (0x00000000827a2668) 
thrown [s\src\hotspot\share\classfile\systemDictionary.cpp, line 256]

VM Operations (20 events):
Event: 6.063 Executing VM operation: HandshakeAllThreads done
Event: 6.094 Executing VM operation: HandshakeAllThreads
Event: 6.094 Executing VM operation: HandshakeAllThreads done
Event: 6.153 Executing VM operation: HandshakeAllThreads
Event: 6.153 Executing VM operation: HandshakeAllThreads done
Event: 6.245 Executing VM operation: HandshakeAllThreads
Event: 6.245 Executing VM operation: HandshakeAllThreads done
Event: 6.343 Executing VM operation: G1CollectForAllocation
Event: 6.352 Executing VM operation: G1CollectForAllocation done
Event: 6.452 Executing VM operation: HandshakeAllThreads
Event: 6.452 Executing VM operation: HandshakeAllThreads done
Event: 6.561 Executing VM operation: HandshakeAllThreads
Event: 6.561 Executing VM operation: HandshakeAllThreads done
Event: 6.600 Executing VM operation: HandshakeAllThreads
Event: 6.600 Executing VM operation: HandshakeAllThreads done
Event: 6.829 Executing VM operation: HandshakeAllThreads
Event: 6.829 Executing VM operation: HandshakeAllThreads done
Event: 6.829 Executing VM operation: HandshakeAllThreads
Event: 6.829 Executing VM operation: HandshakeAllThreads done
Event: 6.884 Executing VM operation: G1CollectForAllocation

Events (20 events):
Event: 6.847 loading class java/lang/ObjectCustomizer
Event: 6.847 loading class java/lang/ObjectCustomizer done
Event: 6.847 loading class java/lang/ObjectCustomizer
Event: 6.847 loading class java/lang/ObjectCustomizer done
Event: 6.851 loading class java/lang/ObjectCustomizer
Event: 6.851 loading class java/lang/ObjectCustomizer done
Event: 6.851 loading class java/lang/ObjectCustomizer
Event: 6.851 loading class java/lang/ObjectCustomizer done
Event: 6.854 loading class java/lang/ObjectCustomizer
Event: 6.854 loading class java/lang/ObjectCustomizer done
Event: 6.854 loading class java/lang/ObjectCustomizer
Event: 6.854 loading class java/lang/ObjectCustomizer done
Event: 6.867 loading class java/lang/ObjectCustomizer
Event: 6.867 loading class java/lang/ObjectCustomizer done
Event: 6.867 loading class java/lang/ObjectCustomizer
Event: 6.867 loading class java/lang/ObjectCustomizer done
Event: 6.871 loading class java/lang/ObjectCustomizer
Event: 6.871 loading class java/lang/ObjectCustomizer done
Event: 6.871 loading class java/lang/ObjectCustomizer
Event: 6.871 loading class java/lang/ObjectCustomizer done


Dynamic libraries:
0x00007ff7ec840000 - 0x00007ff7ec84e000 	C:\Users\sfjbs\Downloads\node-20220822T154533Z-001\node\sts-4.15.3.RELEASE\plugins\org.eclipse.justj.openjdk.hotspot.jre.full.win32.x86_64_17.0.4.v20220805-1047\jre\bin\javaw.exe
0x00007ffbbbe10000 - 0x00007ffbbc008000 	C:\Windows\SYSTEM32\ntdll.dll
0x00007ffbba000000 - 0x00007ffbba0bd000 	C:\Windows\System32\KERNEL32.DLL
0x00007ffbb98a0000 - 0x00007ffbb9b6e000 	C:\Windows\System32\KERNELBASE.dll
0x00007ffbb9d70000 - 0x00007ffbb9e70000 	C:\Windows\System32\ucrtbase.dll
0x00007ffba1cd0000 - 0x00007ffba1ce9000 	C:\Users\sfjbs\Downloads\node-20220822T154533Z-001\node\sts-4.15.3.RELEASE\plugins\org.eclipse.justj.openjdk.hotspot.jre.full.win32.x86_64_17.0.4.v20220805-1047\jre\bin\VCRUNTIME140.dll
0x00007ffba1cf0000 - 0x00007ffba1d08000 	C:\Users\sfjbs\Downloads\node-20220822T154533Z-001\node\sts-4.15.3.RELEASE\plugins\org.eclipse.justj.openjdk.hotspot.jre.full.win32.x86_64_17.0.4.v20220805-1047\jre\bin\jli.dll
0x00007ffbbbc30000 - 0x00007ffbbbdd0000 	C:\Windows\System32\USER32.dll
0x00007ffbb31c0000 - 0x00007ffbb345a000 	C:\Windows\WinSxS\amd64_microsoft.windows.common-controls_6595b64144ccf1df_6.0.19041.1110_none_60b5254171f9507e\COMCTL32.dll
0x00007ffbb9770000 - 0x00007ffbb9792000 	C:\Windows\System32\win32u.dll
0x00007ffbba910000 - 0x00007ffbba9ae000 	C:\Windows\System32\msvcrt.dll
0x00007ffbba9b0000 - 0x00007ffbba9da000 	C:\Windows\System32\GDI32.dll
0x00007ffbb9630000 - 0x00007ffbb973b000 	C:\Windows\System32\gdi32full.dll
0x00007ffbb9b70000 - 0x00007ffbb9c0d000 	C:\Windows\System32\msvcp_win.dll
0x00007ffbbbb70000 - 0x00007ffbbbba0000 	C:\Windows\System32\IMM32.DLL
0x00007ffba4a60000 - 0x00007ffba4a6c000 	C:\Users\sfjbs\Downloads\node-20220822T154533Z-001\node\sts-4.15.3.RELEASE\plugins\org.eclipse.justj.openjdk.hotspot.jre.full.win32.x86_64_17.0.4.v20220805-1047\jre\bin\vcruntime140_1.dll
0x00007ffb9ac20000 - 0x00007ffb9acb1000 	C:\Users\sfjbs\Downloads\node-20220822T154533Z-001\node\sts-4.15.3.RELEASE\plugins\org.eclipse.justj.openjdk.hotspot.jre.full.win32.x86_64_17.0.4.v20220805-1047\jre\bin\msvcp140.dll
0x00007ffb6f250000 - 0x00007ffb6fe96000 	C:\Users\sfjbs\Downloads\node-20220822T154533Z-001\node\sts-4.15.3.RELEASE\plugins\org.eclipse.justj.openjdk.hotspot.jre.full.win32.x86_64_17.0.4.v20220805-1047\jre\bin\server\jvm.dll
0x00007ffbba790000 - 0x00007ffbba83e000 	C:\Windows\System32\ADVAPI32.dll
0x00007ffbba1e0000 - 0x00007ffbba27c000 	C:\Windows\System32\sechost.dll
0x00007ffbbb210000 - 0x00007ffbbb335000 	C:\Windows\System32\RPCRT4.dll
0x00007ffbba510000 - 0x00007ffbba518000 	C:\Windows\System32\PSAPI.DLL
0x00007ffbaa120000 - 0x00007ffbaa129000 	C:\Windows\SYSTEM32\WSOCK32.dll
0x00007ffbaf380000 - 0x00007ffbaf3a7000 	C:\Windows\SYSTEM32\WINMM.dll
0x00007ffbba720000 - 0x00007ffbba78b000 	C:\Windows\System32\WS2_32.dll
0x00007ffbb1d40000 - 0x00007ffbb1d4a000 	C:\Windows\SYSTEM32\VERSION.dll
0x00007ffbb7400000 - 0x00007ffbb7412000 	C:\Windows\SYSTEM32\kernel.appcore.dll
0x00007ffb9b7e0000 - 0x00007ffb9b7ea000 	C:\Users\sfjbs\Downloads\node-20220822T154533Z-001\node\sts-4.15.3.RELEASE\plugins\org.eclipse.justj.openjdk.hotspot.jre.full.win32.x86_64_17.0.4.v20220805-1047\jre\bin\jimage.dll
0x00007ffbb2dc0000 - 0x00007ffbb2fa4000 	C:\Windows\SYSTEM32\DBGHELP.DLL
0x00007ffbb2d90000 - 0x00007ffbb2dbc000 	C:\Windows\SYSTEM32\dbgcore.DLL
0x00007ffbb95a0000 - 0x00007ffbb9622000 	C:\Windows\System32\bcryptPrimitives.dll
0x00007ffb94500000 - 0x00007ffb94525000 	C:\Users\sfjbs\Downloads\node-20220822T154533Z-001\node\sts-4.15.3.RELEASE\plugins\org.eclipse.justj.openjdk.hotspot.jre.full.win32.x86_64_17.0.4.v20220805-1047\jre\bin\java.dll
0x00007ffb91260000 - 0x00007ffb91278000 	C:\Users\sfjbs\Downloads\node-20220822T154533Z-001\node\sts-4.15.3.RELEASE\plugins\org.eclipse.justj.openjdk.hotspot.jre.full.win32.x86_64_17.0.4.v20220805-1047\jre\bin\zip.dll
0x00007ffbbb420000 - 0x00007ffbbbb63000 	C:\Windows\System32\SHELL32.dll
0x00007ffbb7600000 - 0x00007ffbb7d95000 	C:\Windows\SYSTEM32\windows.storage.dll
0x00007ffbbaeb0000 - 0x00007ffbbb204000 	C:\Windows\System32\combase.dll
0x00007ffbb8de0000 - 0x00007ffbb8e10000 	C:\Windows\SYSTEM32\Wldp.dll
0x00007ffbb9ef0000 - 0x00007ffbb9f9d000 	C:\Windows\System32\SHCORE.dll
0x00007ffbbae50000 - 0x00007ffbbaea5000 	C:\Windows\System32\shlwapi.dll
0x00007ffbb9470000 - 0x00007ffbb948f000 	C:\Windows\SYSTEM32\profapi.dll
0x00007ffb91240000 - 0x00007ffb91259000 	C:\Users\sfjbs\Downloads\node-20220822T154533Z-001\node\sts-4.15.3.RELEASE\plugins\org.eclipse.justj.openjdk.hotspot.jre.full.win32.x86_64_17.0.4.v20220805-1047\jre\bin\net.dll
0x00007ffbb39d0000 - 0x00007ffbb3ada000 	C:\Windows\SYSTEM32\WINHTTP.dll
0x00007ffbb8bc0000 - 0x00007ffbb8c2a000 	C:\Windows\system32\mswsock.dll
0x00007ffb91220000 - 0x00007ffb91235000 	C:\Users\sfjbs\Downloads\node-20220822T154533Z-001\node\sts-4.15.3.RELEASE\plugins\org.eclipse.justj.openjdk.hotspot.jre.full.win32.x86_64_17.0.4.v20220805-1047\jre\bin\nio.dll
0x00007ffb91050000 - 0x00007ffb91059000 	C:\Users\sfjbs\Downloads\node-20220822T154533Z-001\node\sts-4.15.3.RELEASE\plugins\org.eclipse.justj.openjdk.hotspot.jre.full.win32.x86_64_17.0.4.v20220805-1047\jre\bin\management.dll
0x00007ffb91040000 - 0x00007ffb9104b000 	C:\Users\sfjbs\Downloads\node-20220822T154533Z-001\node\sts-4.15.3.RELEASE\plugins\org.eclipse.justj.openjdk.hotspot.jre.full.win32.x86_64_17.0.4.v20220805-1047\jre\bin\management_ext.dll
0x00007ffba7890000 - 0x00007ffba78a7000 	C:\Windows\system32\napinsp.dll
0x00007ffba7520000 - 0x00007ffba753b000 	C:\Windows\system32\pnrpnsp.dll
0x00007ffba7310000 - 0x00007ffba7325000 	C:\Windows\system32\wshbth.dll
0x00007ffbb5b50000 - 0x00007ffbb5b6d000 	C:\Windows\system32\NLAapi.dll
0x00007ffbb88d0000 - 0x00007ffbb890b000 	C:\Windows\SYSTEM32\IPHLPAPI.DLL
0x00007ffbb8920000 - 0x00007ffbb89ea000 	C:\Windows\SYSTEM32\DNSAPI.dll
0x00007ffbba710000 - 0x00007ffbba718000 	C:\Windows\System32\NSI.dll
0x00007ffba7160000 - 0x00007ffba7172000 	C:\Windows\System32\winrnr.dll
0x00007ffbadbc0000 - 0x00007ffbadbca000 	C:\Windows\System32\rasadhlp.dll
0x00007ffbb3730000 - 0x00007ffbb37b0000 	C:\Windows\System32\fwpuclnt.dll
0x00007ffbb9740000 - 0x00007ffbb9767000 	C:\Windows\System32\bcrypt.dll
0x00007ffbb8e20000 - 0x00007ffbb8e38000 	C:\Windows\SYSTEM32\CRYPTSP.dll
0x00007ffbb8560000 - 0x00007ffbb8594000 	C:\Windows\system32\rsaenh.dll
0x00007ffbb93f0000 - 0x00007ffbb941e000 	C:\Windows\SYSTEM32\USERENV.dll
0x00007ffbb8d50000 - 0x00007ffbb8d5c000 	C:\Windows\SYSTEM32\CRYPTBASE.dll
0x00007ffbb3640000 - 0x00007ffbb3657000 	C:\Windows\SYSTEM32\dhcpcsvc6.DLL
0x00007ffbb3620000 - 0x00007ffbb363d000 	C:\Windows\SYSTEM32\dhcpcsvc.DLL
0x00007ffb91580000 - 0x00007ffb91590000 	C:\Users\sfjbs\Downloads\node-20220822T154533Z-001\node\sts-4.15.3.RELEASE\plugins\org.eclipse.justj.openjdk.hotspot.jre.full.win32.x86_64_17.0.4.v20220805-1047\jre\bin\verify.dll
0x00007ffb91030000 - 0x00007ffb9103e000 	C:\Users\sfjbs\Downloads\node-20220822T154533Z-001\node\sts-4.15.3.RELEASE\plugins\org.eclipse.justj.openjdk.hotspot.jre.full.win32.x86_64_17.0.4.v20220805-1047\jre\bin\sunmscapi.dll
0x00007ffbb9c10000 - 0x00007ffbb9d66000 	C:\Windows\System32\CRYPT32.dll
0x00007ffbb8f30000 - 0x00007ffbb8f57000 	C:\Windows\SYSTEM32\ncrypt.dll
0x00007ffbb8ef0000 - 0x00007ffbb8f2b000 	C:\Windows\SYSTEM32\NTASN1.dll

dbghelp: loaded successfully - version: 4.0.5 - missing functions: none
symbol engine: initialized successfully - sym options: 0x614 - pdb path: .;C:\Users\sfjbs\Downloads\node-20220822T154533Z-001\node\sts-4.15.3.RELEASE\plugins\org.eclipse.justj.openjdk.hotspot.jre.full.win32.x86_64_17.0.4.v20220805-1047\jre\bin;C:\Windows\SYSTEM32;C:\Windows\WinSxS\amd64_microsoft.windows.common-controls_6595b64144ccf1df_6.0.19041.1110_none_60b5254171f9507e;C:\Users\sfjbs\Downloads\node-20220822T154533Z-001\node\sts-4.15.3.RELEASE\plugins\org.eclipse.justj.openjdk.hotspot.jre.full.win32.x86_64_17.0.4.v20220805-1047\jre\bin\server

VM Arguments:
jvm_args: -Dcom.sun.management.jmxremote -Dcom.sun.management.jmxremote.port=53193 -Dcom.sun.management.jmxremote.authenticate=false -Dcom.sun.management.jmxremote.ssl=false -Djava.rmi.server.hostname=localhost -Dspring.jmx.enabled=true -Dspring.application.admin.enabled=true -XX:TieredStopAtLevel=1 -Dspring.boot.project.name=SchoolService -Dfile.encoding=UTF-8 -XX:+ShowCodeDetailsInExceptionMessages 
java_command: com.school.app.ProductsManagementSystems1Application --spring.output.ansi.enabled=always
java_class_path (initial): C:\Users\sfjbs\Workspace\bharathraj\SchoolService\target\classes;C:\Users\sfjbs\.m2\repository\org\springframework\boot\spring-boot-starter-data-rest\2.7.3\spring-boot-starter-data-rest-2.7.3.jar;C:\Users\sfjbs\.m2\repository\org\springframework\data\spring-data-rest-webmvc\3.7.2\spring-data-rest-webmvc-3.7.2.jar;C:\Users\sfjbs\.m2\repository\org\springframework\data\spring-data-rest-core\3.7.2\spring-data-rest-core-3.7.2.jar;C:\Users\sfjbs\.m2\repository\org\springframework\spring-tx\5.3.22\spring-tx-5.3.22.jar;C:\Users\sfjbs\.m2\repository\org\springframework\hateoas\spring-hateoas\1.5.1\spring-hateoas-1.5.1.jar;C:\Users\sfjbs\.m2\repository\org\springframework\data\spring-data-commons\2.7.2\spring-data-commons-2.7.2.jar;C:\Users\sfjbs\.m2\repository\org\springframework\plugin\spring-plugin-core\2.0.0.RELEASE\spring-plugin-core-2.0.0.RELEASE.jar;C:\Users\sfjbs\.m2\repository\org\atteo\evo-inflector\1.3\evo-inflector-1.3.jar;C:\Users\sfjbs\.m2\repository\com\fasterxml\jackson\core\jackson-databind\2.13.3\jackson-databind-2.13.3.jar;C:\Users\sfjbs\.m2\repository\com\fasterxml\jackson\core\jackson-annotations\2.13.3\jackson-annotations-2.13.3.jar;C:\Users\sfjbs\.m2\repository\org\slf4j\slf4j-api\1.7.36\slf4j-api-1.7.36.jar;C:\Users\sfjbs\.m2\repository\org\springframework\boot\spring-boot-starter-web\2.7.3\spring-boot-starter-web-2.7.3.jar;C:\Users\sfjbs\.m2\repository\org\springframework\boot\spring-boot-starter-json\2.7.3\spring-boot-starter-json-2.7.3.jar;C:\Users\sfjbs\.m2\repository\com\fasterxml\jackson\datatype\jackson-datatype-jdk8\2.13.3\jackson-datatype-jdk8-2.13.3.jar;C:\Users\sfjbs\.m2\repository\com\fasterxml\jackson\datatype\jackson-datatype-jsr310\2.13.3\jackson-datatype-jsr310-2.13.3.jar;C:\Users\sfjbs\.m2\repository\com\fasterxml\jackson\module\jackson-module-parameter-names\2.13.3\jackson-module-parameter-names-2.13.3.jar;C:\Users\sfjbs\.m2\repository\org\springframework\boot\spring-boot-starter-tomcat\2.7.3\spring-boot-
Launcher Type: SUN_STANDARD

[Global flags]
     intx CICompilerCount                          = 2                                         {product} {ergonomic}
     uint ConcGCThreads                            = 1                                         {product} {ergonomic}
     uint G1ConcRefinementThreads                  = 2                                         {product} {ergonomic}
   size_t G1HeapRegionSize                         = 1048576                                   {product} {ergonomic}
    uintx GCDrainStackTargetSize                   = 64                                        {product} {ergonomic}
   size_t InitialHeapSize                          = 134217728                                 {product} {ergonomic}
     bool ManagementServer                         = true                                      {product} {command line}
   size_t MarkStackSize                            = 4194304                                   {product} {ergonomic}
   size_t MaxHeapSize                              = 2147483648                                {product} {ergonomic}
   size_t MaxNewSize                               = 1287651328                                {product} {ergonomic}
   size_t MinHeapDeltaBytes                        = 1048576                                   {product} {ergonomic}
   size_t MinHeapSize                              = 8388608                                   {product} {ergonomic}
    uintx NonProfiledCodeHeapSize                  = 0                                      {pd product} {ergonomic}
     bool ProfileInterpreter                       = false                                  {pd product} {command line}
    uintx ProfiledCodeHeapSize                     = 0                                      {pd product} {ergonomic}
     bool ShowCodeDetailsInExceptionMessages       = true                                   {manageable} {command line}
   size_t SoftMaxHeapSize                          = 2147483648                             {manageable} {ergonomic}
     intx TieredStopAtLevel                        = 1                                         {product} {command line}
     bool UseCompressedClassPointers               = true                           {product lp64_product} {ergonomic}
     bool UseCompressedOops                        = true                           {product lp64_product} {ergonomic}
     bool UseG1GC                                  = true                                      {product} {ergonomic}
     bool UseLargePagesIndividualAllocation        = false                                  {pd product} {ergonomic}

Logging:
Log output configuration:
 #0: stdout all=warning uptime,level,tags
 #1: stderr all=off uptime,level,tags

Environment Variables:
PATH=C:/Users/sfjbs/Downloads/node-20220822T154533Z-001/node/sts-4.15.3.RELEASE//plugins/org.eclipse.justj.openjdk.hotspot.jre.full.win32.x86_64_17.0.4.v20220805-1047/jre/bin/server;C:/Users/sfjbs/Downloads/node-20220822T154533Z-001/node/sts-4.15.3.RELEASE//plugins/org.eclipse.justj.openjdk.hotspot.jre.full.win32.x86_64_17.0.4.v20220805-1047/jre/bin;C:\Python310\Scripts\;C:\Python310\;C:\Program Files\Common Files\Oracle\Java\javapath;C:\Windows\system32;C:\Windows;C:\Windows\System32\Wbem;C:\Windows\System32\WindowsPowerShell\v1.0\;C:\Windows\System32\OpenSSH\;C:\Program Files\nodejs\;C:\Program Files\Docker\Docker\resources\bin;C:\ProgramData\DockerDesktop\version-bin;C:\ProgramData\chocolatey\bin;C:\Program Files\Git\cmd;C:\Users\sfjbs\AppData\Local\Microsoft\WindowsApps;C:\Users\sfjbs\AppData\Local\Programs\Microsoft VS Code\bin;C:\Users\sfjbs\AppData\Roaming\npm;C:\Program Files\MongoDB\Server\5.0\bin;;C:\Users\sfjbs\Downloads\node-20220822T154533Z-001\node\sts-4.15.3.RELEASE;
USERNAME=sfjbs
OS=Windows_NT
PROCESSOR_IDENTIFIER=Intel64 Family 6 Model 85 Stepping 7, GenuineIntel
TMP=C:\Users\sfjbs\AppData\Local\Temp
TEMP=C:\Users\sfjbs\AppData\Local\Temp



---------------  S Y S T E M  ---------------

OS:
 Windows 10 , 64 bit Build 19041 (10.0.19041.1889)
OS uptime: 2 days 17:58 hours
Hyper-V role detected

CPU: total 2 (initial active 2) (1 cores per cpu, 2 threads per core) family 6 model 85 stepping 7 microcode 0xffffffff, cx8, cmov, fxsr, ht, mmx, 3dnowpref, sse, sse2, sse3, ssse3, sse4.1, sse4.2, popcnt, lzcnt, tsc, avx, avx2, aes, erms, clmul, bmi1, bmi2, rtm, adx, avx512f, avx512dq, avx512cd, avx512bw, avx512vl, fma, vzeroupper, clflush, clflushopt, hv

Memory: 4k page, system-wide physical 8190M (483M free)
TotalPageFile size 10238M (AvailPageFile size 23M)
current process WorkingSet (physical memory assigned to process): 161M, peak: 161M
current process commit charge ("private bytes"): 191M, peak: 270M

vm_info: OpenJDK 64-Bit Server VM (17.0.4+8) for windows-amd64 JRE (17.0.4+8), built on Jul 19 2022 16:05:16 by "temurin" with MS VC++ 16.7 (VS2019)

END.
